<?xml version="1.0" encoding="UTF-8" ?>
<testsuite errors="1" failures="0" hostname="ip-10-154-243-173.ec2.internal" name="com.xgen.svc.mms.svc.deployment.DeploymentDiffSvcUnitTests" skipped="0" tests="1" time="0.0" timestamp="2017-11-28T19:26:35">
  <properties>
[...]
</properties>
  <error type="java.lang.ExceptionInInitializerError">java.lang.ExceptionInInitializerError
	at java.lang.Class.forName0(Native Method)
	at java.lang.Class.forName(Class.java:264)
Caused by: java.lang.NumberFormatException: For input string: &quot;&quot;
	at java.lang.NumberFormatException.forInputString(NumberFormatException.java:65)
	at java.lang.Integer.parseInt(Integer.java:592)
	at java.lang.Integer.parseInt(Integer.java:615)
	at com.xgen.svc.core.BaseTest.&lt;clinit&gt;(BaseTest.java:34)
</error>
  <system-out><![CDATA[]]></system-out>
  <system-err><![CDATA[]]></system-err>
</testsuite>
